Travail | Thu Apr 30 2026 09:00:00 GMT+0200 (heure d’été d’Europe centrale) -> Thu Apr 30 2026 12:30:00 GMT+0200 (heure d’été d’Europe centrale)
Travail | Thu Apr 30 2026 12:00:00 GMT+0200 (heure d’été d’Europe centrale) -> Thu Apr 30 2026 13:00:00 GMT+0200 (heure d’été d’Europe centrale)
Travail | Thu Apr 30 2026 14:00:00 GMT+0200 (heure d’été d’Europe centrale) -> Thu Apr 30 2026 18:30:00 GMT+0200 (heure d’été d’Europe centrale)
Travail | Fri May 01 2026 00:00:00 GMT+0200 (heure d’été d’Europe centrale) -> Fri May 01 2026 23:59:59 GMT+0200 (heure d’été d’Europe centrale)
Travail | Fri May 08 2026 00:00:00 GMT+0200 (heure d’été d’Europe centrale) -> Fri May 08 2026 23:59:59 GMT+0200 (heure d’été d’Europe centrale)
Travail | Mon May 04 2026 08:45:00 GMT+0200 (heure d’été d’Europe centrale) -> Mon May 04 2026 12:45:00 GMT+0200 (heure d’été d’Europe centrale)
Travail | Mon May 11 2026 10:15:00 GMT+0200 (heure d’été d’Europe centrale) -> Mon May 11 2026 17:00:00 GMT+0200 (heure d’été d’Europe centrale)
Travail | Tue May 05 2026 09:45:00 GMT+0200 (heure d’été d’Europe centrale) -> Tue May 05 2026 13:00:00 GMT+0200 (heure d’été d’Europe centrale)
Travail | Mon May 18 2026 10:00:00 GMT+0200 (heure d’été d’Europe centrale) -> Mon May 18 2026 13:00:00 GMT+0200 (heure d’été d’Europe centrale)
Travail | Tue May 19 2026 14:00:00 GMT+0200 (heure d’été d’Europe centrale) -> Tue May 19 2026 23:59:59 GMT+0200 (heure d’été d’Europe centrale)
Travail | Thu Apr 30 2026 09:00:00 GMT+0200 (heure d’été d’Europe centrale) -> Thu Apr 30 2026 12:30:00 GMT+0200 (heure d’été d’Europe centrale)
Travail | Thu Apr 30 2026 12:00:00 GMT+0200 (heure d’été d’Europe centrale) -> Thu Apr 30 2026 13:00:00 GMT+0200 (heure d’été d’Europe centrale)
Travail | Thu Apr 30 2026 14:00:00 GMT+0200 (heure d’été d’Europe centrale) -> Thu Apr 30 2026 18:30:00 GMT+0200 (heure d’été d’Europe centrale)
Travail | Fri May 01 2026 00:00:00 GMT+0200 (heure d’été d’Europe centrale) -> Fri May 01 2026 23:59:59 GMT+0200 (heure d’été d’Europe centrale)
Travail | Fri May 08 2026 00:00:00 GMT+0200 (heure d’été d’Europe centrale) -> Fri May 08 2026 23:59:59 GMT+0200 (heure d’été d’Europe centrale)
Travail | Mon May 04 2026 08:45:00 GMT+0200 (heure d’été d’Europe centrale) -> Mon May 04 2026 12:45:00 GMT+0200 (heure d’été d’Europe centrale)
Travail | Mon May 11 2026 10:15:00 GMT+0200 (heure d’été d’Europe centrale) -> Mon May 11 2026 17:00:00 GMT+0200 (heure d’été d’Europe centrale)
Travail | Mon May 18 2026 10:00:00 GMT+0200 (heure d’été d’Europe centrale) -> Mon May 18 2026 13:00:00 GMT+0200 (heure d’été d’Europe centrale)
Travail | Tue May 19 2026 14:00:00 GMT+0200 (heure d’été d’Europe centrale) -> Tue May 19 2026 23:59:59 GMT+0200 (heure d’été d’Europe centrale)
Travail | Thu May 07 2026 09:45:00 GMT+0200 (heure d’été d’Europe centrale) -> Thu May 07 2026 13:00:00 GMT+0200 (heure d’été d’Europe centrale)
Travail | Tue May 05 2026 09:45:00 GMT+0200 (heure d’été d’Europe centrale) -> Tue May 05 2026 13:00:00 GMT+0200 (heure d’été d’Europe centrale)
Travail | Wed May 06 2026 09:45:00 GMT+0200 (heure d’été d’Europe centrale) -> Wed May 06 2026 13:00:00 GMT+0200 (heure d’été d’Europe centrale)
Travail | Fri May 08 2026 09:45:00 GMT+0200 (heure d’été d’Europe centrale) -> Fri May 08 2026 13:00:00 GMT+0200 (heure d’été d’Europe centrale)
Travail | Wed May 13 2026 10:15:00 GMT+0200 (heure d’été d’Europe centrale) -> Wed May 13 2026 17:00:00 GMT+0200 (heure d’été d’Europe centrale)
Travail | Thu May 14 2026 10:15:00 GMT+0200 (heure d’été d’Europe centrale) -> Thu May 14 2026 17:00:00 GMT+0200 (heure d’été d’Europe centrale)
Travail | Tue May 12 2026 10:15:00 GMT+0200 (heure d’été d’Europe centrale) -> Tue May 12 2026 17:00:00 GMT+0200 (heure d’été d’Europe centrale)
Travail | Fri May 15 2026 10:15:00 GMT+0200 (heure d’été d’Europe centrale) -> Fri May 15 2026 17:00:00 GMT+0200 (heure d’été d’Europe centrale)
Travail | Thu Apr 30 2026 09:00:00 GMT+0200 (heure d’été d’Europe centrale) -> Thu Apr 30 2026 12:30:00 GMT+0200 (heure d’été d’Europe centrale)
Travail | Thu Apr 30 2026 12:00:00 GMT+0200 (heure d’été d’Europe centrale) -> Thu Apr 30 2026 13:00:00 GMT+0200 (heure d’été d’Europe centrale)
Travail | Thu Apr 30 2026 14:00:00 GMT+0200 (heure d’été d’Europe centrale) -> Thu Apr 30 2026 18:30:00 GMT+0200 (heure d’été d’Europe centrale)
Travail | Fri May 01 2026 00:00:00 GMT+0200 (heure d’été d’Europe centrale) -> Fri May 01 2026 23:59:59 GMT+0200 (heure d’été d’Europe centrale)
Travail | Fri May 08 2026 00:00:00 GMT+0200 (heure d’été d’Europe centrale) -> Fri May 08 2026 23:59:59 GMT+0200 (heure d’été d’Europe centrale)
Travail | Mon May 04 2026 08:45:00 GMT+0200 (heure d’été d’Europe centrale) -> Mon May 04 2026 12:45:00 GMT+0200 (heure d’été d’Europe centrale)
Travail | Mon May 11 2026 10:15:00 GMT+0200 (heure d’été d’Europe centrale) -> Mon May 11 2026 17:00:00 GMT+0200 (heure d’été d’Europe centrale)
Travail | Mon May 18 2026 10:00:00 GMT+0200 (heure d’été d’Europe centrale) -> Mon May 18 2026 13:00:00 GMT+0200 (heure d’été d’Europe centrale)
Travail | Tue May 19 2026 14:00:00 GMT+0200 (heure d’été d’Europe centrale) -> Tue May 19 2026 23:59:59 GMT+0200 (heure d’été d’Europe centrale)
Travail | Thu May 07 2026 09:45:00 GMT+0200 (heure d’été d’Europe centrale) -> Thu May 07 2026 13:00:00 GMT+0200 (heure d’été d’Europe centrale)
Travail | Tue May 05 2026 09:45:00 GMT+0200 (heure d’été d’Europe centrale) -> Tue May 05 2026 13:00:00 GMT+0200 (heure d’été d’Europe centrale)
Travail | Wed May 06 2026 09:45:00 GMT+0200 (heure d’été d’Europe centrale) -> Wed May 06 2026 13:00:00 GMT+0200 (heure d’été d’Europe centrale)
Travail | Fri May 08 2026 09:45:00 GMT+0200 (heure d’été d’Europe centrale) -> Fri May 08 2026 13:00:00 GMT+0200 (heure d’été d’Europe centrale)
Travail | Wed May 13 2026 10:15:00 GMT+0200 (heure d’été d’Europe centrale) -> Wed May 13 2026 17:00:00 GMT+0200 (heure d’été d’Europe centrale)
Travail | Thu May 14 2026 10:15:00 GMT+0200 (heure d’été d’Europe centrale) -> Thu May 14 2026 17:00:00 GMT+0200 (heure d’été d’Europe centrale)
Travail | Tue May 12 2026 10:15:00 GMT+0200 (heure d’été d’Europe centrale) -> Tue May 12 2026 17:00:00 GMT+0200 (heure d’été d’Europe centrale)
Travail | Fri May 15 2026 10:15:00 GMT+0200 (heure d’été d’Europe centrale) -> Fri May 15 2026 17:00:00 GMT+0200 (heure d’été d’Europe centrale)
Travail | Thu Apr 30 2026 09:00:00 GMT+0200 (heure d’été d’Europe centrale) -> Thu Apr 30 2026 12:30:00 GMT+0200 (heure d’été d’Europe centrale)
Travail | Thu Apr 30 2026 12:00:00 GMT+0200 (heure d’été d’Europe centrale) -> Thu Apr 30 2026 13:00:00 GMT+0200 (heure d’été d’Europe centrale)
Travail | Thu Apr 30 2026 14:00:00 GMT+0200 (heure d’été d’Europe centrale) -> Thu Apr 30 2026 18:30:00 GMT+0200 (heure d’été d’Europe centrale)
Travail | Fri May 01 2026 00:00:00 GMT+0200 (heure d’été d’Europe centrale) -> Fri May 01 2026 23:59:59 GMT+0200 (heure d’été d’Europe centrale)
Travail | Fri May 08 2026 00:00:00 GMT+0200 (heure d’été d’Europe centrale) -> Fri May 08 2026 23:59:59 GMT+0200 (heure d’été d’Europe centrale)
Travail | Mon May 04 2026 08:45:00 GMT+0200 (heure d’été d’Europe centrale) -> Mon May 04 2026 12:45:00 GMT+0200 (heure d’été d’Europe centrale)
Travail | Mon May 11 2026 10:15:00 GMT+0200 (heure d’été d’Europe centrale) -> Mon May 11 2026 17:00:00 GMT+0200 (heure d’été d’Europe centrale)
Travail | Mon May 18 2026 10:00:00 GMT+0200 (heure d’été d’Europe centrale) -> Mon May 18 2026 13:00:00 GMT+0200 (heure d’été d’Europe centrale)
Travail | Tue May 19 2026 14:00:00 GMT+0200 (heure d’été d’Europe centrale) -> Tue May 19 2026 23:59:59 GMT+0200 (heure d’été d’Europe centrale)
Travail | Thu May 07 2026 09:45:00 GMT+0200 (heure d’été d’Europe centrale) -> Thu May 07 2026 13:00:00 GMT+0200 (heure d’été d’Europe centrale)
Travail | Tue May 05 2026 09:45:00 GMT+0200 (heure d’été d’Europe centrale) -> Tue May 05 2026 13:00:00 GMT+0200 (heure d’été d’Europe centrale)
Travail | Wed May 06 2026 09:45:00 GMT+0200 (heure d’été d’Europe centrale) -> Wed May 06 2026 13:00:00 GMT+0200 (heure d’été d’Europe centrale)
Travail | Fri May 08 2026 09:45:00 GMT+0200 (heure d’été d’Europe centrale) -> Fri May 08 2026 13:00:00 GMT+0200 (heure d’été d’Europe centrale)
Travail | Wed May 13 2026 10:15:00 GMT+0200 (heure d’été d’Europe centrale) -> Wed May 13 2026 17:00:00 GMT+0200 (heure d’été d’Europe centrale)
Travail | Thu May 14 2026 10:15:00 GMT+0200 (heure d’été d’Europe centrale) -> Thu May 14 2026 17:00:00 GMT+0200 (heure d’été d’Europe centrale)
Travail | Tue May 12 2026 10:15:00 GMT+0200 (heure d’été d’Europe centrale) -> Tue May 12 2026 17:00:00 GMT+0200 (heure d’été d’Europe centrale)
Travail | Fri May 15 2026 10:15:00 GMT+0200 (heure d’été d’Europe centrale) -> Fri May 15 2026 17:00:00 GMT+0200 (heure d’été d’Europe centrale)
Travail | Thu Apr 30 2026 09:00:00 GMT+0200 (heure d’été d’Europe centrale) -> Thu Apr 30 2026 12:30:00 GMT+0200 (heure d’été d’Europe centrale)
Travail | Thu Apr 30 2026 12:00:00 GMT+0200 (heure d’été d’Europe centrale) -> Thu Apr 30 2026 13:00:00 GMT+0200 (heure d’été d’Europe centrale)
Travail | Thu Apr 30 2026 14:00:00 GMT+0200 (heure d’été d’Europe centrale) -> Thu Apr 30 2026 18:30:00 GMT+0200 (heure d’été d’Europe centrale)
Travail | Fri May 01 2026 00:00:00 GMT+0200 (heure d’été d’Europe centrale) -> Fri May 01 2026 23:59:59 GMT+0200 (heure d’été d’Europe centrale)
Travail | Fri May 08 2026 00:00:00 GMT+0200 (heure d’été d’Europe centrale) -> Fri May 08 2026 23:59:59 GMT+0200 (heure d’été d’Europe centrale)
Travail | Mon May 04 2026 08:45:00 GMT+0200 (heure d’été d’Europe centrale) -> Mon May 04 2026 12:45:00 GMT+0200 (heure d’été d’Europe centrale)
Travail | Mon May 11 2026 10:15:00 GMT+0200 (heure d’été d’Europe centrale) -> Mon May 11 2026 17:00:00 GMT+0200 (heure d’été d’Europe centrale)
Travail | Mon May 18 2026 10:00:00 GMT+0200 (heure d’été d’Europe centrale) -> Mon May 18 2026 13:00:00 GMT+0200 (heure d’été d’Europe centrale)
Travail | Tue May 19 2026 14:00:00 GMT+0200 (heure d’été d’Europe centrale) -> Tue May 19 2026 23:59:59 GMT+0200 (heure d’été d’Europe centrale)
Travail | Thu May 07 2026 09:45:00 GMT+0200 (heure d’été d’Europe centrale) -> Thu May 07 2026 13:00:00 GMT+0200 (heure d’été d’Europe centrale)
Travail | Tue May 05 2026 09:45:00 GMT+0200 (heure d’été d’Europe centrale) -> Tue May 05 2026 13:00:00 GMT+0200 (heure d’été d’Europe centrale)
Travail | Wed May 06 2026 09:45:00 GMT+0200 (heure d’été d’Europe centrale) -> Wed May 06 2026 13:00:00 GMT+0200 (heure d’été d’Europe centrale)
Travail | Fri May 08 2026 09:45:00 GMT+0200 (heure d’été d’Europe centrale) -> Fri May 08 2026 13:00:00 GMT+0200 (heure d’été d’Europe centrale)
Travail | Wed May 13 2026 10:15:00 GMT+0200 (heure d’été d’Europe centrale) -> Wed May 13 2026 17:00:00 GMT+0200 (heure d’été d’Europe centrale)
Travail | Thu May 14 2026 10:15:00 GMT+0200 (heure d’été d’Europe centrale) -> Thu May 14 2026 17:00:00 GMT+0200 (heure d’été d’Europe centrale)
Travail | Tue May 12 2026 10:15:00 GMT+0200 (heure d’été d’Europe centrale) -> Tue May 12 2026 17:00:00 GMT+0200 (heure d’été d’Europe centrale)
Travail | Fri May 15 2026 10:15:00 GMT+0200 (heure d’été d’Europe centrale) -> Fri May 15 2026 17:00:00 GMT+0200 (heure d’été d’Europe centrale)
Travail | Thu Apr 30 2026 09:00:00 GMT+0200 (heure d’été d’Europe centrale) -> Thu Apr 30 2026 12:30:00 GMT+0200 (heure d’été d’Europe centrale)
Travail | Thu Apr 30 2026 12:00:00 GMT+0200 (heure d’été d’Europe centrale) -> Thu Apr 30 2026 13:00:00 GMT+0200 (heure d’été d’Europe centrale)
Travail | Thu Apr 30 2026 14:00:00 GMT+0200 (heure d’été d’Europe centrale) -> Thu Apr 30 2026 18:30:00 GMT+0200 (heure d’été d’Europe centrale)
Travail | Fri May 01 2026 00:00:00 GMT+0200 (heure d’été d’Europe centrale) -> Fri May 01 2026 23:59:59 GMT+0200 (heure d’été d’Europe centrale)
Travail | Fri May 08 2026 00:00:00 GMT+0200 (heure d’été d’Europe centrale) -> Fri May 08 2026 23:59:59 GMT+0200 (heure d’été d’Europe centrale)
Travail | Mon May 04 2026 08:45:00 GMT+0200 (heure d’été d’Europe centrale) -> Mon May 04 2026 12:45:00 GMT+0200 (heure d’été d’Europe centrale)
Travail | Mon May 11 2026 10:15:00 GMT+0200 (heure d’été d’Europe centrale) -> Mon May 11 2026 17:00:00 GMT+0200 (heure d’été d’Europe centrale)
Travail | Mon May 18 2026 10:00:00 GMT+0200 (heure d’été d’Europe centrale) -> Mon May 18 2026 13:00:00 GMT+0200 (heure d’été d’Europe centrale)
Travail | Tue May 19 2026 14:00:00 GMT+0200 (heure d’été d’Europe centrale) -> Tue May 19 2026 23:59:59 GMT+0200 (heure d’été d’Europe centrale)
Travail | Thu May 07 2026 09:45:00 GMT+0200 (heure d’été d’Europe centrale) -> Thu May 07 2026 13:00:00 GMT+0200 (heure d’été d’Europe centrale)
Travail | Tue May 05 2026 09:45:00 GMT+0200 (heure d’été d’Europe centrale) -> Tue May 05 2026 13:00:00 GMT+0200 (heure d’été d’Europe centrale)
Travail | Wed May 06 2026 09:45:00 GMT+0200 (heure d’été d’Europe centrale) -> Wed May 06 2026 13:00:00 GMT+0200 (heure d’été d’Europe centrale)
Travail | Fri May 08 2026 09:45:00 GMT+0200 (heure d’été d’Europe centrale) -> Fri May 08 2026 13:00:00 GMT+0200 (heure d’été d’Europe centrale)
Travail | Wed May 13 2026 10:15:00 GMT+0200 (heure d’été d’Europe centrale) -> Wed May 13 2026 17:00:00 GMT+0200 (heure d’été d’Europe centrale)
Travail | Thu May 14 2026 10:15:00 GMT+0200 (heure d’été d’Europe centrale) -> Thu May 14 2026 17:00:00 GMT+0200 (heure d’été d’Europe centrale)
Travail | Tue May 12 2026 10:15:00 GMT+0200 (heure d’été d’Europe centrale) -> Tue May 12 2026 17:00:00 GMT+0200 (heure d’été d’Europe centrale)
Travail | Fri May 15 2026 10:15:00 GMT+0200 (heure d’été d’Europe centrale) -> Fri May 15 2026 17:00:00 GMT+0200 (heure d’été d’Europe centrale)
Travail | Thu Apr 30 2026 09:00:00 GMT+0200 (heure d’été d’Europe centrale) -> Thu Apr 30 2026 12:30:00 GMT+0200 (heure d’été d’Europe centrale)
Travail | Thu Apr 30 2026 12:00:00 GMT+0200 (heure d’été d’Europe centrale) -> Thu Apr 30 2026 13:00:00 GMT+0200 (heure d’été d’Europe centrale)
Travail | Thu Apr 30 2026 14:00:00 GMT+0200 (heure d’été d’Europe centrale) -> Thu Apr 30 2026 18:30:00 GMT+0200 (heure d’été d’Europe centrale)
Travail | Fri May 01 2026 00:00:00 GMT+0200 (heure d’été d’Europe centrale) -> Fri May 01 2026 23:59:59 GMT+0200 (heure d’été d’Europe centrale)
Travail | Fri May 08 2026 00:00:00 GMT+0200 (heure d’été d’Europe centrale) -> Fri May 08 2026 23:59:59 GMT+0200 (heure d’été d’Europe centrale)
Travail | Mon May 04 2026 08:45:00 GMT+0200 (heure d’été d’Europe centrale) -> Mon May 04 2026 12:45:00 GMT+0200 (heure d’été d’Europe centrale)
Travail | Mon May 11 2026 10:15:00 GMT+0200 (heure d’été d’Europe centrale) -> Mon May 11 2026 17:00:00 GMT+0200 (heure d’été d’Europe centrale)
Travail | Mon May 18 2026 10:00:00 GMT+0200 (heure d’été d’Europe centrale) -> Mon May 18 2026 13:00:00 GMT+0200 (heure d’été d’Europe centrale)
Travail | Tue May 19 2026 14:00:00 GMT+0200 (heure d’été d’Europe centrale) -> Tue May 19 2026 23:59:59 GMT+0200 (heure d’été d’Europe centrale)
Travail | Thu May 07 2026 09:45:00 GMT+0200 (heure d’été d’Europe centrale) -> Thu May 07 2026 13:00:00 GMT+0200 (heure d’été d’Europe centrale)
Travail | Tue May 05 2026 09:45:00 GMT+0200 (heure d’été d’Europe centrale) -> Tue May 05 2026 13:00:00 GMT+0200 (heure d’été d’Europe centrale)
Travail | Wed May 06 2026 09:45:00 GMT+0200 (heure d’été d’Europe centrale) -> Wed May 06 2026 13:00:00 GMT+0200 (heure d’été d’Europe centrale)
Travail | Fri May 08 2026 09:45:00 GMT+0200 (heure d’été d’Europe centrale) -> Fri May 08 2026 13:00:00 GMT+0200 (heure d’été d’Europe centrale)
Travail | Wed May 13 2026 10:15:00 GMT+0200 (heure d’été d’Europe centrale) -> Wed May 13 2026 17:00:00 GMT+0200 (heure d’été d’Europe centrale)
Travail | Thu May 14 2026 10:15:00 GMT+0200 (heure d’été d’Europe centrale) -> Thu May 14 2026 17:00:00 GMT+0200 (heure d’été d’Europe centrale)
Travail | Tue May 12 2026 10:15:00 GMT+0200 (heure d’été d’Europe centrale) -> Tue May 12 2026 17:00:00 GMT+0200 (heure d’été d’Europe centrale)
Travail | Fri May 15 2026 10:15:00 GMT+0200 (heure d’été d’Europe centrale) -> Fri May 15 2026 17:00:00 GMT+0200 (heure d’été d’Europe centrale)
Travail | Thu Apr 30 2026 09:00:00 GMT+0200 (heure d’été d’Europe centrale) -> Thu Apr 30 2026 12:30:00 GMT+0200 (heure d’été d’Europe centrale)
Travail | Thu Apr 30 2026 12:00:00 GMT+0200 (heure d’été d’Europe centrale) -> Thu Apr 30 2026 13:00:00 GMT+0200 (heure d’été d’Europe centrale)
Travail | Thu Apr 30 2026 14:00:00 GMT+0200 (heure d’été d’Europe centrale) -> Thu Apr 30 2026 18:30:00 GMT+0200 (heure d’été d’Europe centrale)
Travail | Fri May 01 2026 00:00:00 GMT+0200 (heure d’été d’Europe centrale) -> Fri May 01 2026 23:59:59 GMT+0200 (heure d’été d’Europe centrale)
Travail | Fri May 08 2026 00:00:00 GMT+0200 (heure d’été d’Europe centrale) -> Fri May 08 2026 23:59:59 GMT+0200 (heure d’été d’Europe centrale)
Travail | Mon May 04 2026 08:45:00 GMT+0200 (heure d’été d’Europe centrale) -> Mon May 04 2026 12:45:00 GMT+0200 (heure d’été d’Europe centrale)
Travail | Mon May 11 2026 10:15:00 GMT+0200 (heure d’été d’Europe centrale) -> Mon May 11 2026 17:00:00 GMT+0200 (heure d’été d’Europe centrale)
Travail | Mon May 18 2026 10:00:00 GMT+0200 (heure d’été d’Europe centrale) -> Mon May 18 2026 13:00:00 GMT+0200 (heure d’été d’Europe centrale)
Travail | Tue May 19 2026 14:00:00 GMT+0200 (heure d’été d’Europe centrale) -> Tue May 19 2026 23:59:59 GMT+0200 (heure d’été d’Europe centrale)
Travail | Thu May 07 2026 09:45:00 GMT+0200 (heure d’été d’Europe centrale) -> Thu May 07 2026 13:00:00 GMT+0200 (heure d’été d’Europe centrale)
Travail | Tue May 05 2026 09:45:00 GMT+0200 (heure d’été d’Europe centrale) -> Tue May 05 2026 13:00:00 GMT+0200 (heure d’été d’Europe centrale)
Travail | Wed May 06 2026 09:45:00 GMT+0200 (heure d’été d’Europe centrale) -> Wed May 06 2026 13:00:00 GMT+0200 (heure d’été d’Europe centrale)
Travail | Fri May 08 2026 09:45:00 GMT+0200 (heure d’été d’Europe centrale) -> Fri May 08 2026 13:00:00 GMT+0200 (heure d’été d’Europe centrale)
Travail | Wed May 13 2026 10:15:00 GMT+0200 (heure d’été d’Europe centrale) -> Wed May 13 2026 17:00:00 GMT+0200 (heure d’été d’Europe centrale)
Travail | Thu May 14 2026 10:15:00 GMT+0200 (heure d’été d’Europe centrale) -> Thu May 14 2026 17:00:00 GMT+0200 (heure d’été d’Europe centrale)
Travail | Tue May 12 2026 10:15:00 GMT+0200 (heure d’été d’Europe centrale) -> Tue May 12 2026 17:00:00 GMT+0200 (heure d’été d’Europe centrale)
Travail | Fri May 15 2026 10:15:00 GMT+0200 (heure d’été d’Europe centrale) -> Fri May 15 2026 17:00:00 GMT+0200 (heure d’été d’Europe centrale)
Travail | Thu Apr 30 2026 09:00:00 GMT+0200 (heure d’été d’Europe centrale) -> Thu Apr 30 2026 12:30:00 GMT+0200 (heure d’été d’Europe centrale)
Travail | Thu Apr 30 2026 12:00:00 GMT+0200 (heure d’été d’Europe centrale) -> Thu Apr 30 2026 13:00:00 GMT+0200 (heure d’été d’Europe centrale)
Travail | Thu Apr 30 2026 14:00:00 GMT+0200 (heure d’été d’Europe centrale) -> Thu Apr 30 2026 18:30:00 GMT+0200 (heure d’été d’Europe centrale)
Travail | Fri May 01 2026 00:00:00 GMT+0200 (heure d’été d’Europe centrale) -> Fri May 01 2026 23:59:59 GMT+0200 (heure d’été d’Europe centrale)
Travail | Fri May 08 2026 00:00:00 GMT+0200 (heure d’été d’Europe centrale) -> Fri May 08 2026 23:59:59 GMT+0200 (heure d’été d’Europe centrale)
Travail | Mon May 04 2026 08:45:00 GMT+0200 (heure d’été d’Europe centrale) -> Mon May 04 2026 12:45:00 GMT+0200 (heure d’été d’Europe centrale)
Travail | Mon May 11 2026 10:15:00 GMT+0200 (heure d’été d’Europe centrale) -> Mon May 11 2026 17:00:00 GMT+0200 (heure d’été d’Europe centrale)
Travail | Mon May 18 2026 10:00:00 GMT+0200 (heure d’été d’Europe centrale) -> Mon May 18 2026 13:00:00 GMT+0200 (heure d’été d’Europe centrale)
Travail | Tue May 19 2026 14:00:00 GMT+0200 (heure d’été d’Europe centrale) -> Tue May 19 2026 23:59:59 GMT+0200 (heure d’été d’Europe centrale)
Travail | Thu May 07 2026 09:45:00 GMT+0200 (heure d’été d’Europe centrale) -> Thu May 07 2026 13:00:00 GMT+0200 (heure d’été d’Europe centrale)
Travail | Tue May 05 2026 09:45:00 GMT+0200 (heure d’été d’Europe centrale) -> Tue May 05 2026 13:00:00 GMT+0200 (heure d’été d’Europe centrale)
Travail | Wed May 06 2026 09:45:00 GMT+0200 (heure d’été d’Europe centrale) -> Wed May 06 2026 13:00:00 GMT+0200 (heure d’été d’Europe centrale)
Travail | Fri May 08 2026 09:45:00 GMT+0200 (heure d’été d’Europe centrale) -> Fri May 08 2026 13:00:00 GMT+0200 (heure d’été d’Europe centrale)
Travail | Wed May 13 2026 10:15:00 GMT+0200 (heure d’été d’Europe centrale) -> Wed May 13 2026 17:00:00 GMT+0200 (heure d’été d’Europe centrale)
Travail | Thu May 14 2026 10:15:00 GMT+0200 (heure d’été d’Europe centrale) -> Thu May 14 2026 17:00:00 GMT+0200 (heure d’été d’Europe centrale)
Travail | Tue May 12 2026 10:15:00 GMT+0200 (heure d’été d’Europe centrale) -> Tue May 12 2026 17:00:00 GMT+0200 (heure d’été d’Europe centrale)
Travail | Fri May 15 2026 10:15:00 GMT+0200 (heure d’été d’Europe centrale) -> Fri May 15 2026 17:00:00 GMT+0200 (heure d’été d’Europe centrale)
Travail | Thu Apr 30 2026 09:00:00 GMT+0200 (heure d’été d’Europe centrale) -> Thu Apr 30 2026 12:30:00 GMT+0200 (heure d’été d’Europe centrale)
Travail | Thu Apr 30 2026 12:00:00 GMT+0200 (heure d’été d’Europe centrale) -> Thu Apr 30 2026 13:00:00 GMT+0200 (heure d’été d’Europe centrale)
Travail | Thu Apr 30 2026 14:00:00 GMT+0200 (heure d’été d’Europe centrale) -> Thu Apr 30 2026 18:30:00 GMT+0200 (heure d’été d’Europe centrale)
Travail | Fri May 01 2026 00:00:00 GMT+0200 (heure d’été d’Europe centrale) -> Fri May 01 2026 23:59:59 GMT+0200 (heure d’été d’Europe centrale)
Travail | Fri May 08 2026 00:00:00 GMT+0200 (heure d’été d’Europe centrale) -> Fri May 08 2026 23:59:59 GMT+0200 (heure d’été d’Europe centrale)
Travail | Mon May 04 2026 08:45:00 GMT+0200 (heure d’été d’Europe centrale) -> Mon May 04 2026 12:45:00 GMT+0200 (heure d’été d’Europe centrale)
Travail | Mon May 11 2026 10:15:00 GMT+0200 (heure d’été d’Europe centrale) -> Mon May 11 2026 17:00:00 GMT+0200 (heure d’été d’Europe centrale)
Travail | Mon May 18 2026 10:00:00 GMT+0200 (heure d’été d’Europe centrale) -> Mon May 18 2026 13:00:00 GMT+0200 (heure d’été d’Europe centrale)
Travail | Tue May 19 2026 14:00:00 GMT+0200 (heure d’été d’Europe centrale) -> Tue May 19 2026 23:59:59 GMT+0200 (heure d’été d’Europe centrale)
Travail | Thu May 07 2026 09:45:00 GMT+0200 (heure d’été d’Europe centrale) -> Thu May 07 2026 13:00:00 GMT+0200 (heure d’été d’Europe centrale)
Travail | Tue May 05 2026 09:45:00 GMT+0200 (heure d’été d’Europe centrale) -> Tue May 05 2026 13:00:00 GMT+0200 (heure d’été d’Europe centrale)
Travail | Wed May 06 2026 09:45:00 GMT+0200 (heure d’été d’Europe centrale) -> Wed May 06 2026 13:00:00 GMT+0200 (heure d’été d’Europe centrale)
Travail | Fri May 08 2026 09:45:00 GMT+0200 (heure d’été d’Europe centrale) -> Fri May 08 2026 13:00:00 GMT+0200 (heure d’été d’Europe centrale)
Travail | Wed May 13 2026 10:15:00 GMT+0200 (heure d’été d’Europe centrale) -> Wed May 13 2026 17:00:00 GMT+0200 (heure d’été d’Europe centrale)
Travail | Thu May 14 2026 10:15:00 GMT+0200 (heure d’été d’Europe centrale) -> Thu May 14 2026 17:00:00 GMT+0200 (heure d’été d’Europe centrale)
Travail | Tue May 12 2026 10:15:00 GMT+0200 (heure d’été d’Europe centrale) -> Tue May 12 2026 17:00:00 GMT+0200 (heure d’été d’Europe centrale)
Travail | Fri May 15 2026 10:15:00 GMT+0200 (heure d’été d’Europe centrale) -> Fri May 15 2026 17:00:00 GMT+0200 (heure d’été d’Europe centrale)
Travail | Thu Apr 30 2026 09:00:00 GMT+0200 (heure d’été d’Europe centrale) -> Thu Apr 30 2026 12:30:00 GMT+0200 (heure d’été d’Europe centrale)
Travail | Thu Apr 30 2026 12:00:00 GMT+0200 (heure d’été d’Europe centrale) -> Thu Apr 30 2026 13:00:00 GMT+0200 (heure d’été d’Europe centrale)
Travail | Thu Apr 30 2026 14:00:00 GMT+0200 (heure d’été d’Europe centrale) -> Thu Apr 30 2026 18:30:00 GMT+0200 (heure d’été d’Europe centrale)
Travail | Fri May 01 2026 00:00:00 GMT+0200 (heure d’été d’Europe centrale) -> Fri May 01 2026 23:59:59 GMT+0200 (heure d’été d’Europe centrale)
Travail | Fri May 08 2026 00:00:00 GMT+0200 (heure d’été d’Europe centrale) -> Fri May 08 2026 23:59:59 GMT+0200 (heure d’été d’Europe centrale)
Travail | Mon May 04 2026 08:45:00 GMT+0200 (heure d’été d’Europe centrale) -> Mon May 04 2026 12:45:00 GMT+0200 (heure d’été d’Europe centrale)
Travail | Mon May 11 2026 10:15:00 GMT+0200 (heure d’été d’Europe centrale) -> Mon May 11 2026 17:00:00 GMT+0200 (heure d’été d’Europe centrale)
Travail | Mon May 18 2026 10:00:00 GMT+0200 (heure d’été d’Europe centrale) -> Mon May 18 2026 13:00:00 GMT+0200 (heure d’été d’Europe centrale)
Travail | Tue May 19 2026 14:00:00 GMT+0200 (heure d’été d’Europe centrale) -> Tue May 19 2026 23:59:59 GMT+0200 (heure d’été d’Europe centrale)
Travail | Thu May 07 2026 09:45:00 GMT+0200 (heure d’été d’Europe centrale) -> Thu May 07 2026 13:00:00 GMT+0200 (heure d’été d’Europe centrale)
Travail | Tue May 05 2026 09:45:00 GMT+0200 (heure d’été d’Europe centrale) -> Tue May 05 2026 13:00:00 GMT+0200 (heure d’été d’Europe centrale)
Travail | Wed May 06 2026 09:45:00 GMT+0200 (heure d’été d’Europe centrale) -> Wed May 06 2026 13:00:00 GMT+0200 (heure d’été d’Europe centrale)
Travail | Fri May 08 2026 09:45:00 GMT+0200 (heure d’été d’Europe centrale) -> Fri May 08 2026 13:00:00 GMT+0200 (heure d’été d’Europe centrale)
Travail | Wed May 13 2026 10:15:00 GMT+0200 (heure d’été d’Europe centrale) -> Wed May 13 2026 17:00:00 GMT+0200 (heure d’été d’Europe centrale)
Travail | Thu May 14 2026 10:15:00 GMT+0200 (heure d’été d’Europe centrale) -> Thu May 14 2026 17:00:00 GMT+0200 (heure d’été d’Europe centrale)
Travail | Tue May 12 2026 10:15:00 GMT+0200 (heure d’été d’Europe centrale) -> Tue May 12 2026 17:00:00 GMT+0200 (heure d’été d’Europe centrale)
Travail | Fri May 15 2026 10:15:00 GMT+0200 (heure d’été d’Europe centrale) -> Fri May 15 2026 17:00:00 GMT+0200 (heure d’été d’Europe centrale)
Travail | Thu Apr 30 2026 09:00:00 GMT+0200 (heure d’été d’Europe centrale) -> Thu Apr 30 2026 12:30:00 GMT+0200 (heure d’été d’Europe centrale)
Travail | Thu Apr 30 2026 12:00:00 GMT+0200 (heure d’été d’Europe centrale) -> Thu Apr 30 2026 13:00:00 GMT+0200 (heure d’été d’Europe centrale)
Travail | Thu Apr 30 2026 14:00:00 GMT+0200 (heure d’été d’Europe centrale) -> Thu Apr 30 2026 18:30:00 GMT+0200 (heure d’été d’Europe centrale)
Travail | Fri May 01 2026 00:00:00 GMT+0200 (heure d’été d’Europe centrale) -> Fri May 01 2026 23:59:59 GMT+0200 (heure d’été d’Europe centrale)
Travail | Fri May 08 2026 00:00:00 GMT+0200 (heure d’été d’Europe centrale) -> Fri May 08 2026 23:59:59 GMT+0200 (heure d’été d’Europe centrale)
Travail | Mon May 04 2026 08:45:00 GMT+0200 (heure d’été d’Europe centrale) -> Mon May 04 2026 12:45:00 GMT+0200 (heure d’été d’Europe centrale)
Travail | Mon May 11 2026 10:15:00 GMT+0200 (heure d’été d’Europe centrale) -> Mon May 11 2026 17:00:00 GMT+0200 (heure d’été d’Europe centrale)
Travail | Mon May 18 2026 10:00:00 GMT+0200 (heure d’été d’Europe centrale) -> Mon May 18 2026 13:00:00 GMT+0200 (heure d’été d’Europe centrale)
Travail | Tue May 19 2026 14:00:00 GMT+0200 (heure d’été d’Europe centrale) -> Tue May 19 2026 23:59:59 GMT+0200 (heure d’été d’Europe centrale)
Travail | Thu May 07 2026 09:45:00 GMT+0200 (heure d’été d’Europe centrale) -> Thu May 07 2026 13:00:00 GMT+0200 (heure d’été d’Europe centrale)
Travail | Tue May 05 2026 09:45:00 GMT+0200 (heure d’été d’Europe centrale) -> Tue May 05 2026 13:00:00 GMT+0200 (heure d’été d’Europe centrale)
Travail | Wed May 06 2026 09:45:00 GMT+0200 (heure d’été d’Europe centrale) -> Wed May 06 2026 13:00:00 GMT+0200 (heure d’été d’Europe centrale)
Travail | Fri May 08 2026 09:45:00 GMT+0200 (heure d’été d’Europe centrale) -> Fri May 08 2026 13:00:00 GMT+0200 (heure d’été d’Europe centrale)
Travail | Wed May 13 2026 10:15:00 GMT+0200 (heure d’été d’Europe centrale) -> Wed May 13 2026 17:00:00 GMT+0200 (heure d’été d’Europe centrale)
Travail | Thu May 14 2026 10:15:00 GMT+0200 (heure d’été d’Europe centrale) -> Thu May 14 2026 17:00:00 GMT+0200 (heure d’été d’Europe centrale)
Travail | Tue May 12 2026 10:15:00 GMT+0200 (heure d’été d’Europe centrale) -> Tue May 12 2026 17:00:00 GMT+0200 (heure d’été d’Europe centrale)
Travail | Fri May 15 2026 10:15:00 GMT+0200 (heure d’été d’Europe centrale) -> Fri May 15 2026 17:00:00 GMT+0200 (heure d’été d’Europe centrale)
Travail | Thu Apr 30 2026 09:00:00 GMT+0200 (heure d’été d’Europe centrale) -> Thu Apr 30 2026 12:30:00 GMT+0200 (heure d’été d’Europe centrale)
Travail | Thu Apr 30 2026 12:00:00 GMT+0200 (heure d’été d’Europe centrale) -> Thu Apr 30 2026 13:00:00 GMT+0200 (heure d’été d’Europe centrale)
Travail | Thu Apr 30 2026 14:00:00 GMT+0200 (heure d’été d’Europe centrale) -> Thu Apr 30 2026 18:30:00 GMT+0200 (heure d’été d’Europe centrale)
Travail | Fri May 01 2026 00:00:00 GMT+0200 (heure d’été d’Europe centrale) -> Fri May 01 2026 23:59:59 GMT+0200 (heure d’été d’Europe centrale)
Travail | Fri May 08 2026 00:00:00 GMT+0200 (heure d’été d’Europe centrale) -> Fri May 08 2026 23:59:59 GMT+0200 (heure d’été d’Europe centrale)
Travail | Mon May 04 2026 08:45:00 GMT+0200 (heure d’été d’Europe centrale) -> Mon May 04 2026 12:45:00 GMT+0200 (heure d’été d’Europe centrale)
Travail | Mon May 11 2026 10:15:00 GMT+0200 (heure d’été d’Europe centrale) -> Mon May 11 2026 17:00:00 GMT+0200 (heure d’été d’Europe centrale)
Travail | Mon May 18 2026 10:00:00 GMT+0200 (heure d’été d’Europe centrale) -> Mon May 18 2026 13:00:00 GMT+0200 (heure d’été d’Europe centrale)
Travail | Tue May 19 2026 14:00:00 GMT+0200 (heure d’été d’Europe centrale) -> Tue May 19 2026 23:59:59 GMT+0200 (heure d’été d’Europe centrale)
Travail | Thu May 07 2026 09:45:00 GMT+0200 (heure d’été d’Europe centrale) -> Thu May 07 2026 13:00:00 GMT+0200 (heure d’été d’Europe centrale)
Travail | Tue May 05 2026 09:45:00 GMT+0200 (heure d’été d’Europe centrale) -> Tue May 05 2026 13:00:00 GMT+0200 (heure d’été d’Europe centrale)
Travail | Wed May 06 2026 09:45:00 GMT+0200 (heure d’été d’Europe centrale) -> Wed May 06 2026 13:00:00 GMT+0200 (heure d’été d’Europe centrale)
Travail | Fri May 08 2026 09:45:00 GMT+0200 (heure d’été d’Europe centrale) -> Fri May 08 2026 13:00:00 GMT+0200 (heure d’été d’Europe centrale)
Travail | Wed May 13 2026 10:15:00 GMT+0200 (heure d’été d’Europe centrale) -> Wed May 13 2026 17:00:00 GMT+0200 (heure d’été d’Europe centrale)
Travail | Thu May 14 2026 10:15:00 GMT+0200 (heure d’été d’Europe centrale) -> Thu May 14 2026 17:00:00 GMT+0200 (heure d’été d’Europe centrale)
Travail | Tue May 12 2026 10:15:00 GMT+0200 (heure d’été d’Europe centrale) -> Tue May 12 2026 17:00:00 GMT+0200 (heure d’été d’Europe centrale)
Travail | Fri May 15 2026 10:15:00 GMT+0200 (heure d’été d’Europe centrale) -> Fri May 15 2026 17:00:00 GMT+0200 (heure d’été d’Europe centrale)
Travail | Thu Apr 30 2026 09:00:00 GMT+0200 (heure d’été d’Europe centrale) -> Thu Apr 30 2026 12:30:00 GMT+0200 (heure d’été d’Europe centrale)
Travail | Thu Apr 30 2026 12:00:00 GMT+0200 (heure d’été d’Europe centrale) -> Thu Apr 30 2026 13:00:00 GMT+0200 (heure d’été d’Europe centrale)
Travail | Thu Apr 30 2026 14:00:00 GMT+0200 (heure d’été d’Europe centrale) -> Thu Apr 30 2026 18:30:00 GMT+0200 (heure d’été d’Europe centrale)
Travail | Fri May 01 2026 00:00:00 GMT+0200 (heure d’été d’Europe centrale) -> Fri May 01 2026 23:59:59 GMT+0200 (heure d’été d’Europe centrale)
Travail | Fri May 08 2026 00:00:00 GMT+0200 (heure d’été d’Europe centrale) -> Fri May 08 2026 23:59:59 GMT+0200 (heure d’été d’Europe centrale)
Travail | Mon May 04 2026 08:45:00 GMT+0200 (heure d’été d’Europe centrale) -> Mon May 04 2026 12:45:00 GMT+0200 (heure d’été d’Europe centrale)
Travail | Mon May 11 2026 10:15:00 GMT+0200 (heure d’été d’Europe centrale) -> Mon May 11 2026 17:00:00 GMT+0200 (heure d’été d’Europe centrale)
Travail | Mon May 18 2026 10:00:00 GMT+0200 (heure d’été d’Europe centrale) -> Mon May 18 2026 13:00:00 GMT+0200 (heure d’été d’Europe centrale)
Travail | Tue May 19 2026 14:00:00 GMT+0200 (heure d’été d’Europe centrale) -> Tue May 19 2026 23:59:59 GMT+0200 (heure d’été d’Europe centrale)
Travail | Thu May 07 2026 09:45:00 GMT+0200 (heure d’été d’Europe centrale) -> Thu May 07 2026 13:00:00 GMT+0200 (heure d’été d’Europe centrale)
Travail | Tue May 05 2026 09:45:00 GMT+0200 (heure d’été d’Europe centrale) -> Tue May 05 2026 13:00:00 GMT+0200 (heure d’été d’Europe centrale)
Travail | Wed May 06 2026 09:45:00 GMT+0200 (heure d’été d’Europe centrale) -> Wed May 06 2026 13:00:00 GMT+0200 (heure d’été d’Europe centrale)
Travail | Fri May 08 2026 09:45:00 GMT+0200 (heure d’été d’Europe centrale) -> Fri May 08 2026 13:00:00 GMT+0200 (heure d’été d’Europe centrale)
Travail | Wed May 13 2026 10:15:00 GMT+0200 (heure d’été d’Europe centrale) -> Wed May 13 2026 17:00:00 GMT+0200 (heure d’été d’Europe centrale)
Travail | Thu May 14 2026 10:15:00 GMT+0200 (heure d’été d’Europe centrale) -> Thu May 14 2026 17:00:00 GMT+0200 (heure d’été d’Europe centrale)
Travail | Tue May 12 2026 10:15:00 GMT+0200 (heure d’été d’Europe centrale) -> Tue May 12 2026 17:00:00 GMT+0200 (heure d’été d’Europe centrale)
Travail | Fri May 15 2026 10:15:00 GMT+0200 (heure d’été d’Europe centrale) -> Fri May 15 2026 17:00:00 GMT+0200 (heure d’été d’Europe centrale)
Travail | Thu Apr 30 2026 09:00:00 GMT+0200 (heure d’été d’Europe centrale) -> Thu Apr 30 2026 12:30:00 GMT+0200 (heure d’été d’Europe centrale)
Travail | Thu Apr 30 2026 12:00:00 GMT+0200 (heure d’été d’Europe centrale) -> Thu Apr 30 2026 13:00:00 GMT+0200 (heure d’été d’Europe centrale)
Travail | Thu Apr 30 2026 14:00:00 GMT+0200 (heure d’été d’Europe centrale) -> Thu Apr 30 2026 18:30:00 GMT+0200 (heure d’été d’Europe centrale)
Travail | Fri May 01 2026 00:00:00 GMT+0200 (heure d’été d’Europe centrale) -> Fri May 01 2026 23:59:59 GMT+0200 (heure d’été d’Europe centrale)
Travail | Fri May 08 2026 00:00:00 GMT+0200 (heure d’été d’Europe centrale) -> Fri May 08 2026 23:59:59 GMT+0200 (heure d’été d’Europe centrale)
Travail | Mon May 04 2026 08:45:00 GMT+0200 (heure d’été d’Europe centrale) -> Mon May 04 2026 12:45:00 GMT+0200 (heure d’été d’Europe centrale)
Travail | Mon May 11 2026 10:15:00 GMT+0200 (heure d’été d’Europe centrale) -> Mon May 11 2026 17:00:00 GMT+0200 (heure d’été d’Europe centrale)
Travail | Mon May 18 2026 10:00:00 GMT+0200 (heure d’été d’Europe centrale) -> Mon May 18 2026 13:00:00 GMT+0200 (heure d’été d’Europe centrale)
Travail | Tue May 19 2026 14:00:00 GMT+0200 (heure d’été d’Europe centrale) -> Tue May 19 2026 23:59:59 GMT+0200 (heure d’été d’Europe centrale)
Travail | Thu May 07 2026 09:45:00 GMT+0200 (heure d’été d’Europe centrale) -> Thu May 07 2026 13:00:00 GMT+0200 (heure d’été d’Europe centrale)
Travail | Tue May 05 2026 09:45:00 GMT+0200 (heure d’été d’Europe centrale) -> Tue May 05 2026 13:00:00 GMT+0200 (heure d’été d’Europe centrale)
Travail | Wed May 06 2026 09:45:00 GMT+0200 (heure d’été d’Europe centrale) -> Wed May 06 2026 13:00:00 GMT+0200 (heure d’été d’Europe centrale)
Travail | Fri May 08 2026 09:45:00 GMT+0200 (heure d’été d’Europe centrale) -> Fri May 08 2026 13:00:00 GMT+0200 (heure d’été d’Europe centrale)
Travail | Wed May 13 2026 10:15:00 GMT+0200 (heure d’été d’Europe centrale) -> Wed May 13 2026 17:00:00 GMT+0200 (heure d’été d’Europe centrale)
Travail | Thu May 14 2026 10:15:00 GMT+0200 (heure d’été d’Europe centrale) -> Thu May 14 2026 17:00:00 GMT+0200 (heure d’été d’Europe centrale)
Travail | Tue May 12 2026 10:15:00 GMT+0200 (heure d’été d’Europe centrale) -> Tue May 12 2026 17:00:00 GMT+0200 (heure d’été d’Europe centrale)
Travail | Fri May 15 2026 10:15:00 GMT+0200 (heure d’été d’Europe centrale) -> Fri May 15 2026 17:00:00 GMT+0200 (heure d’été d’Europe centrale)
Travail | Thu Apr 30 2026 09:00:00 GMT+0200 (heure d’été d’Europe centrale) -> Thu Apr 30 2026 12:30:00 GMT+0200 (heure d’été d’Europe centrale)
Travail | Thu Apr 30 2026 12:00:00 GMT+0200 (heure d’été d’Europe centrale) -> Thu Apr 30 2026 13:00:00 GMT+0200 (heure d’été d’Europe centrale)
Travail | Thu Apr 30 2026 14:00:00 GMT+0200 (heure d’été d’Europe centrale) -> Thu Apr 30 2026 18:30:00 GMT+0200 (heure d’été d’Europe centrale)
Travail | Fri May 01 2026 00:00:00 GMT+0200 (heure d’été d’Europe centrale) -> Fri May 01 2026 23:59:59 GMT+0200 (heure d’été d’Europe centrale)
Travail | Fri May 08 2026 00:00:00 GMT+0200 (heure d’été d’Europe centrale) -> Fri May 08 2026 23:59:59 GMT+0200 (heure d’été d’Europe centrale)
Travail | Mon May 04 2026 08:45:00 GMT+0200 (heure d’été d’Europe centrale) -> Mon May 04 2026 12:45:00 GMT+0200 (heure d’été d’Europe centrale)
Travail | Mon May 11 2026 10:15:00 GMT+0200 (heure d’été d’Europe centrale) -> Mon May 11 2026 17:00:00 GMT+0200 (heure d’été d’Europe centrale)
Travail | Mon May 18 2026 10:00:00 GMT+0200 (heure d’été d’Europe centrale) -> Mon May 18 2026 13:00:00 GMT+0200 (heure d’été d’Europe centrale)
Travail | Tue May 19 2026 14:00:00 GMT+0200 (heure d’été d’Europe centrale) -> Tue May 19 2026 23:59:59 GMT+0200 (heure d’été d’Europe centrale)
Travail | Thu May 07 2026 09:45:00 GMT+0200 (heure d’été d’Europe centrale) -> Thu May 07 2026 13:00:00 GMT+0200 (heure d’été d’Europe centrale)
Travail | Tue May 05 2026 09:45:00 GMT+0200 (heure d’été d’Europe centrale) -> Tue May 05 2026 13:00:00 GMT+0200 (heure d’été d’Europe centrale)
Travail | Wed May 06 2026 09:45:00 GMT+0200 (heure d’été d’Europe centrale) -> Wed May 06 2026 13:00:00 GMT+0200 (heure d’été d’Europe centrale)
Travail | Fri May 08 2026 09:45:00 GMT+0200 (heure d’été d’Europe centrale) -> Fri May 08 2026 13:00:00 GMT+0200 (heure d’été d’Europe centrale)
Travail | Wed May 13 2026 10:15:00 GMT+0200 (heure d’été d’Europe centrale) -> Wed May 13 2026 17:00:00 GMT+0200 (heure d’été d’Europe centrale)
Travail | Thu May 14 2026 10:15:00 GMT+0200 (heure d’été d’Europe centrale) -> Thu May 14 2026 17:00:00 GMT+0200 (heure d’été d’Europe centrale)
Travail | Tue May 12 2026 10:15:00 GMT+0200 (heure d’été d’Europe centrale) -> Tue May 12 2026 17:00:00 GMT+0200 (heure d’été d’Europe centrale)
Travail | Fri May 15 2026 10:15:00 GMT+0200 (heure d’été d’Europe centrale) -> Fri May 15 2026 17:00:00 GMT+0200 (heure d’été d’Europe centrale)
Travail | Thu Apr 30 2026 09:00:00 GMT+0200 (heure d’été d’Europe centrale) -> Thu Apr 30 2026 12:30:00 GMT+0200 (heure d’été d’Europe centrale)
Travail | Thu Apr 30 2026 12:00:00 GMT+0200 (heure d’été d’Europe centrale) -> Thu Apr 30 2026 13:00:00 GMT+0200 (heure d’été d’Europe centrale)
Travail | Thu Apr 30 2026 14:00:00 GMT+0200 (heure d’été d’Europe centrale) -> Thu Apr 30 2026 18:30:00 GMT+0200 (heure d’été d’Europe centrale)
Travail | Fri May 01 2026 00:00:00 GMT+0200 (heure d’été d’Europe centrale) -> Fri May 01 2026 23:59:59 GMT+0200 (heure d’été d’Europe centrale)
Travail | Fri May 08 2026 00:00:00 GMT+0200 (heure d’été d’Europe centrale) -> Fri May 08 2026 23:59:59 GMT+0200 (heure d’été d’Europe centrale)
Travail | Mon May 04 2026 08:45:00 GMT+0200 (heure d’été d’Europe centrale) -> Mon May 04 2026 12:45:00 GMT+0200 (heure d’été d’Europe centrale)
Travail | Mon May 11 2026 10:15:00 GMT+0200 (heure d’été d’Europe centrale) -> Mon May 11 2026 17:00:00 GMT+0200 (heure d’été d’Europe centrale)
Travail | Mon May 18 2026 10:00:00 GMT+0200 (heure d’été d’Europe centrale) -> Mon May 18 2026 13:00:00 GMT+0200 (heure d’été d’Europe centrale)
Travail | Tue May 19 2026 14:00:00 GMT+0200 (heure d’été d’Europe centrale) -> Tue May 19 2026 23:59:59 GMT+0200 (heure d’été d’Europe centrale)
Travail | Thu May 07 2026 09:45:00 GMT+0200 (heure d’été d’Europe centrale) -> Thu May 07 2026 13:00:00 GMT+0200 (heure d’été d’Europe centrale)
Travail | Tue May 05 2026 09:45:00 GMT+0200 (heure d’été d’Europe centrale) -> Tue May 05 2026 13:00:00 GMT+0200 (heure d’été d’Europe centrale)
Travail | Wed May 06 2026 09:45:00 GMT+0200 (heure d’été d’Europe centrale) -> Wed May 06 2026 13:00:00 GMT+0200 (heure d’été d’Europe centrale)
Travail | Fri May 08 2026 09:45:00 GMT+0200 (heure d’été d’Europe centrale) -> Fri May 08 2026 13:00:00 GMT+0200 (heure d’été d’Europe centrale)
Travail | Wed May 13 2026 10:15:00 GMT+0200 (heure d’été d’Europe centrale) -> Wed May 13 2026 17:00:00 GMT+0200 (heure d’été d’Europe centrale)
Travail | Thu May 14 2026 10:15:00 GMT+0200 (heure d’été d’Europe centrale) -> Thu May 14 2026 17:00:00 GMT+0200 (heure d’été d’Europe centrale)
Travail | Tue May 12 2026 10:15:00 GMT+0200 (heure d’été d’Europe centrale) -> Tue May 12 2026 17:00:00 GMT+0200 (heure d’été d’Europe centrale)
Travail | Fri May 15 2026 10:15:00 GMT+0200 (heure d’été d’Europe centrale) -> Fri May 15 2026 17:00:00 GMT+0200 (heure d’été d’Europe centrale)
Travail | Thu Apr 30 2026 09:00:00 GMT+0200 (heure d’été d’Europe centrale) -> Thu Apr 30 2026 12:30:00 GMT+0200 (heure d’été d’Europe centrale)
Travail | Thu Apr 30 2026 12:00:00 GMT+0200 (heure d’été d’Europe centrale) -> Thu Apr 30 2026 13:00:00 GMT+0200 (heure d’été d’Europe centrale)
Travail | Thu Apr 30 2026 14:00:00 GMT+0200 (heure d’été d’Europe centrale) -> Thu Apr 30 2026 18:30:00 GMT+0200 (heure d’été d’Europe centrale)
Travail | Fri May 01 2026 00:00:00 GMT+0200 (heure d’été d’Europe centrale) -> Fri May 01 2026 23:59:59 GMT+0200 (heure d’été d’Europe centrale)
Travail | Fri May 08 2026 00:00:00 GMT+0200 (heure d’été d’Europe centrale) -> Fri May 08 2026 23:59:59 GMT+0200 (heure d’été d’Europe centrale)
Travail | Mon May 04 2026 08:45:00 GMT+0200 (heure d’été d’Europe centrale) -> Mon May 04 2026 12:45:00 GMT+0200 (heure d’été d’Europe centrale)
Travail | Mon May 11 2026 10:15:00 GMT+0200 (heure d’été d’Europe centrale) -> Mon May 11 2026 17:00:00 GMT+0200 (heure d’été d’Europe centrale)
Travail | Mon May 18 2026 10:00:00 GMT+0200 (heure d’été d’Europe centrale) -> Mon May 18 2026 13:00:00 GMT+0200 (heure d’été d’Europe centrale)
Travail | Tue May 19 2026 14:00:00 GMT+0200 (heure d’été d’Europe centrale) -> Tue May 19 2026 23:59:59 GMT+0200 (heure d’été d’Europe centrale)
Travail | Thu May 07 2026 09:45:00 GMT+0200 (heure d’été d’Europe centrale) -> Thu May 07 2026 13:00:00 GMT+0200 (heure d’été d’Europe centrale)
Travail | Tue May 05 2026 09:45:00 GMT+0200 (heure d’été d’Europe centrale) -> Tue May 05 2026 13:00:00 GMT+0200 (heure d’été d’Europe centrale)
Travail | Wed May 06 2026 09:45:00 GMT+0200 (heure d’été d’Europe centrale) -> Wed May 06 2026 13:00:00 GMT+0200 (heure d’été d’Europe centrale)
Travail | Fri May 08 2026 09:45:00 GMT+0200 (heure d’été d’Europe centrale) -> Fri May 08 2026 13:00:00 GMT+0200 (heure d’été d’Europe centrale)
Travail | Wed May 13 2026 10:15:00 GMT+0200 (heure d’été d’Europe centrale) -> Wed May 13 2026 17:00:00 GMT+0200 (heure d’été d’Europe centrale)
Travail | Thu May 14 2026 10:15:00 GMT+0200 (heure d’été d’Europe centrale) -> Thu May 14 2026 17:00:00 GMT+0200 (heure d’été d’Europe centrale)
Travail | Tue May 12 2026 10:15:00 GMT+0200 (heure d’été d’Europe centrale) -> Tue May 12 2026 17:00:00 GMT+0200 (heure d’été d’Europe centrale)
Travail | Fri May 15 2026 10:15:00 GMT+0200 (heure d’été d’Europe centrale) -> Fri May 15 2026 17:00:00 GMT+0200 (heure d’été d’Europe centrale)
Travail | Thu Apr 30 2026 09:00:00 GMT+0200 (heure d’été d’Europe centrale) -> Thu Apr 30 2026 12:30:00 GMT+0200 (heure d’été d’Europe centrale)
Travail | Thu Apr 30 2026 12:00:00 GMT+0200 (heure d’été d’Europe centrale) -> Thu Apr 30 2026 13:00:00 GMT+0200 (heure d’été d’Europe centrale)
Travail | Thu Apr 30 2026 14:00:00 GMT+0200 (heure d’été d’Europe centrale) -> Thu Apr 30 2026 18:30:00 GMT+0200 (heure d’été d’Europe centrale)
Travail | Fri May 01 2026 00:00:00 GMT+0200 (heure d’été d’Europe centrale) -> Fri May 01 2026 23:59:59 GMT+0200 (heure d’été d’Europe centrale)
Travail | Fri May 08 2026 00:00:00 GMT+0200 (heure d’été d’Europe centrale) -> Fri May 08 2026 23:59:59 GMT+0200 (heure d’été d’Europe centrale)
Travail | Mon May 04 2026 08:45:00 GMT+0200 (heure d’été d’Europe centrale) -> Mon May 04 2026 12:45:00 GMT+0200 (heure d’été d’Europe centrale)
Travail | Mon May 11 2026 10:15:00 GMT+0200 (heure d’été d’Europe centrale) -> Mon May 11 2026 17:00:00 GMT+0200 (heure d’été d’Europe centrale)
Travail | Mon May 18 2026 10:00:00 GMT+0200 (heure d’été d’Europe centrale) -> Mon May 18 2026 13:00:00 GMT+0200 (heure d’été d’Europe centrale)
Travail | Tue May 19 2026 14:00:00 GMT+0200 (heure d’été d’Europe centrale) -> Tue May 19 2026 23:59:59 GMT+0200 (heure d’été d’Europe centrale)
Travail | Thu May 07 2026 09:45:00 GMT+0200 (heure d’été d’Europe centrale) -> Thu May 07 2026 13:00:00 GMT+0200 (heure d’été d’Europe centrale)
Travail | Tue May 05 2026 09:45:00 GMT+0200 (heure d’été d’Europe centrale) -> Tue May 05 2026 13:00:00 GMT+0200 (heure d’été d’Europe centrale)
Travail | Wed May 06 2026 09:45:00 GMT+0200 (heure d’été d’Europe centrale) -> Wed May 06 2026 13:00:00 GMT+0200 (heure d’été d’Europe centrale)
Travail | Fri May 08 2026 09:45:00 GMT+0200 (heure d’été d’Europe centrale) -> Fri May 08 2026 13:00:00 GMT+0200 (heure d’été d’Europe centrale)
Travail | Wed May 13 2026 10:15:00 GMT+0200 (heure d’été d’Europe centrale) -> Wed May 13 2026 17:00:00 GMT+0200 (heure d’été d’Europe centrale)
Travail | Thu May 14 2026 10:15:00 GMT+0200 (heure d’été d’Europe centrale) -> Thu May 14 2026 17:00:00 GMT+0200 (heure d’été d’Europe centrale)
Travail | Tue May 12 2026 10:15:00 GMT+0200 (heure d’été d’Europe centrale) -> Tue May 12 2026 17:00:00 GMT+0200 (heure d’été d’Europe centrale)
Travail | Fri May 15 2026 10:15:00 GMT+0200 (heure d’été d’Europe centrale) -> Fri May 15 2026 17:00:00 GMT+0200 (heure d’été d’Europe centrale)
